<?xml version="1.0" encoding="UTF-8"?>
<!-- Generated by org.testng.reporters.JUnitReportReporter -->
<testsuite hostname="Sallu" failures="0" tests="1" name="keyWorkDrivenFramework.Login_Test" time="9.735" errors="0" timestamp="2024-09-19T17:30:27 BDT" skipped="0">
  <testcase classname="keyWorkDrivenFramework.Login_Test" name="ValidCreateAccount" time="9.735"/>
</testsuite> <!-- keyWorkDrivenFramework.Login_Test -->
